<?xml version="1.0" encoding="UTF-8"?>
<robot generator="Robot 6.1.1 (Python 3.7.16 on win32)" generated="20250422 15:01:43.865" rpa="false" schemaversion="4">
<suite id="s1" name="Outlook" source="D:\Horizon\Projects\Ongoing\STest\outlook">
<suite id="s1-s1" name="Test1" source="D:\Horizon\Projects\Ongoing\STest\outlook\test1.robot">
<test id="s1-s1-t1" name="发送邮件测试" line="27">
<kw name="Open Browser" library="SeleniumLibrary">
<arg>${OUTLOOK_URL}</arg>
<arg>chrome</arg>
<doc>Opens a new browser instance to the optional ``url``.</doc>
<msg timestamp="20250422 15:01:43.979" level="INFO">Opening browser 'chrome' to base url 'https://outlook.live.com/'.</msg>
<status status="PASS" starttime="20250422 15:01:43.979" endtime="20250422 15:01:47.583"/>
</kw>
<kw name="Maximize Browser Window" library="SeleniumLibrary">
<doc>Maximizes current browser window.</doc>
<status status="PASS" starttime="20250422 15:01:47.583" endtime="20250422 15:01:47.608"/>
</kw>
<kw name="Wait Until Element Is Visible" library="SeleniumLibrary">
<arg>${LOGIN_BUTTON}</arg>
<arg>10s</arg>
<doc>Waits until the element ``locator`` is visible.</doc>
<status status="PASS" starttime="20250422 15:01:47.608" endtime="20250422 15:01:47.834"/>
</kw>
<kw name="Click Element" library="SeleniumLibrary">
<arg>${LOGIN_BUTTON}</arg>
<doc>Click the element identified by ``locator``.</doc>
<msg timestamp="20250422 15:01:47.834" level="INFO">Clicking element 'xpath=//*[@id="c-shellmenu_custom_outline_newtab_signin_bhvr100_right"]'.</msg>
<status status="PASS" starttime="20250422 15:01:47.834" endtime="20250422 15:01:47.895"/>
</kw>
<kw name="Sleep" library="BuiltIn">
<arg>4s</arg>
<doc>Pauses the test executed for the given time.</doc>
<msg timestamp="20250422 15:01:51.902" level="INFO">Slept 4 seconds</msg>
<status status="PASS" starttime="20250422 15:01:47.895" endtime="20250422 15:01:51.902"/>
</kw>
<kw name="Get Window Handles" library="SeleniumLibrary">
<var>@{window_handles}</var>
<doc>Returns all child window handles of the selected browser as a list.</doc>
<msg timestamp="20250422 15:01:52.609" level="INFO">@{window_handles} = [ E11A9B664D7750489C5F545C17397297 | 2005328CD6BDBAC71D66C42113AE0A97 ]</msg>
<status status="PASS" starttime="20250422 15:01:51.902" endtime="20250422 15:01:52.609"/>
</kw>
<kw name="Switch Window" library="SeleniumLibrary">
<arg>${window_handles}[1]</arg>
<doc>Switches to browser window matching ``locator``.</doc>
<status status="PASS" starttime="20250422 15:01:52.609" endtime="20250422 15:01:53.247"/>
</kw>
<kw name="Wait Until Element Is Visible" library="SeleniumLibrary">
<arg>${EMAIL_INPUT}</arg>
<arg>10s</arg>
<doc>Waits until the element ``locator`` is visible.</doc>
<status status="PASS" starttime="20250422 15:01:53.247" endtime="20250422 15:02:33.019"/>
</kw>
<kw name="Input Text" library="SeleniumLibrary">
<arg>${EMAIL_INPUT}</arg>
<arg>${VALID_EMAIL}</arg>
<doc>Types the given ``text`` into the text field identified by ``locator``.</doc>
<msg timestamp="20250422 15:02:33.019" level="INFO">Typing text 'horizon52183@outlook.com' into text field '//*[@id="usernameEntry"]'.</msg>
<status status="PASS" starttime="20250422 15:02:33.019" endtime="20250422 15:02:33.091"/>
</kw>
<kw name="Click Element" library="SeleniumLibrary">
<arg>${NEXT_BUTTON}</arg>
<doc>Click the element identified by ``locator``.</doc>
<msg timestamp="20250422 15:02:33.092" level="INFO">Clicking element '//*[@id="view"]/div/div[3]/button'.</msg>
<status status="PASS" starttime="20250422 15:02:33.091" endtime="20250422 15:02:33.129"/>
</kw>
<kw name="Wait Until Element Is Visible" library="SeleniumLibrary">
<arg>${PASSWORD_INPUT}</arg>
<arg>10s</arg>
<doc>Waits until the element ``locator`` is visible.</doc>
<status status="PASS" starttime="20250422 15:02:33.129" endtime="20250422 15:02:34.003"/>
</kw>
<kw name="Input Text" library="SeleniumLibrary">
<arg>${PASSWORD_INPUT}</arg>
<arg>${VALID_PASSWORD}</arg>
<doc>Types the given ``text`` into the text field identified by ``locator``.</doc>
<msg timestamp="20250422 15:02:34.004" level="INFO">Typing text '0p9o8i7u6yFED' into text field '//*[@id="passwordEntry"]'.</msg>
<status status="PASS" starttime="20250422 15:02:34.003" endtime="20250422 15:02:34.057"/>
</kw>
<kw name="Click Element" library="SeleniumLibrary">
<arg>${SIGNIN_BUTTON}</arg>
<doc>Click the element identified by ``locator``.</doc>
<msg timestamp="20250422 15:02:34.057" level="INFO">Clicking element '//*[@id="view"]/div/div[5]/button'.</msg>
<status status="PASS" starttime="20250422 15:02:34.057" endtime="20250422 15:02:35.187"/>
</kw>
<kw name="Wait Until Element Is Visible" library="SeleniumLibrary">
<arg>${REMEMBER_ME_NO}</arg>
<arg>5s</arg>
<doc>Waits until the element ``locator`` is visible.</doc>
<status status="PASS" starttime="20250422 15:02:35.187" endtime="20250422 15:02:35.199"/>
</kw>
<kw name="Click Element" library="SeleniumLibrary">
<arg>${REMEMBER_ME_NO}</arg>
<doc>Click the element identified by ``locator``.</doc>
<msg timestamp="20250422 15:02:35.200" level="INFO">Clicking element '//*[@id="view"]/div/div[5]/button[2]'.</msg>
<status status="PASS" starttime="20250422 15:02:35.200" endtime="20250422 15:02:35.539"/>
</kw>
<kw name="Wait Until Element Is Visible" library="SeleniumLibrary">
<arg>${NEW_EMAIL_BUTTON}</arg>
<arg>10s</arg>
<doc>Waits until the element ``locator`` is visible.</doc>
<status status="PASS" starttime="20250422 15:02:35.541" endtime="20250422 15:02:38.791"/>
</kw>
<kw name="Click Element" library="SeleniumLibrary">
<arg>${NEW_EMAIL_BUTTON}</arg>
<doc>Click the element identified by ``locator``.</doc>
<msg timestamp="20250422 15:02:38.792" level="INFO">Clicking element '//*[@id="114-group"]/div/div[1]/div/div/span/button[2]/span/i/span'.</msg>
<status status="PASS" starttime="20250422 15:02:38.792" endtime="20250422 15:02:38.843"/>
</kw>
<kw name="Wait Until Element Is Visible" library="SeleniumLibrary">
<arg>${MESSAGE_TYPE_DROPDOWN}</arg>
<arg>5s</arg>
<doc>Waits until the element ``locator`` is visible.</doc>
<status status="PASS" starttime="20250422 15:02:38.844" endtime="20250422 15:02:39.087"/>
</kw>
<kw name="Click Element" library="SeleniumLibrary">
<arg>${EMAIL_OPTION}</arg>
<doc>Click the element identified by ``locator``.</doc>
<msg timestamp="20250422 15:02:39.087" level="INFO">Clicking element '//*[@id="Ribbon-588Dropdown"]/div/ul/li/div/ul/li[1]/button/div/span'.</msg>
<status status="PASS" starttime="20250422 15:02:39.087" endtime="20250422 15:02:39.142"/>
</kw>
<kw name="Sleep" library="BuiltIn">
<arg>1s</arg>
<doc>Pauses the test executed for the given time.</doc>
<msg timestamp="20250422 15:02:40.146" level="INFO">Slept 1 second</msg>
<status status="PASS" starttime="20250422 15:02:39.143" endtime="20250422 15:02:40.146"/>
</kw>
<kw name="Wait Until Element Is Visible" library="SeleniumLibrary">
<arg>${TO_INPUT}</arg>
<arg>10s</arg>
<doc>Waits until the element ``locator`` is visible.</doc>
<status status="PASS" starttime="20250422 15:02:40.146" endtime="20250422 15:02:40.169"/>
</kw>
<kw name="Click Element" library="SeleniumLibrary">
<arg>${TO_INPUT}</arg>
<doc>Click the element identified by ``locator``.</doc>
<msg timestamp="20250422 15:02:40.169" level="INFO">Clicking element 'xpath=//*[@id="0"]'.</msg>
<status status="PASS" starttime="20250422 15:02:40.169" endtime="20250422 15:02:40.232"/>
</kw>
<kw name="Wait Until Element Is Visible" library="SeleniumLibrary">
<arg>//*[text()='2309996590@qq.com']</arg>
<arg>10s</arg>
<doc>Waits until the element ``locator`` is visible.</doc>
<status status="PASS" starttime="20250422 15:02:40.232" endtime="20250422 15:02:40.937"/>
</kw>
<kw name="Click Element" library="SeleniumLibrary">
<arg>//*[text()='2309996590@qq.com']</arg>
<doc>Click the element identified by ``locator``.</doc>
<msg timestamp="20250422 15:02:40.937" level="INFO">Clicking element '//*[text()='2309996590@qq.com']'.</msg>
<status status="PASS" starttime="20250422 15:02:40.937" endtime="20250422 15:02:40.985"/>
</kw>
<kw name="Input Text" library="SeleniumLibrary">
<arg>${SUBJECT_INPUT}</arg>
<arg>Test Subject</arg>
<doc>Types the given ``text`` into the text field identified by ``locator``.</doc>
<msg timestamp="20250422 15:02:40.986" level="INFO">Typing text 'Test Subject' into text field 'xpath=//*[@id="docking_InitVisiblePart_0"]/div/div[3]/div[2]/span/input'.</msg>
<status status="PASS" starttime="20250422 15:02:40.985" endtime="20250422 15:02:41.075"/>
</kw>
<kw name="Input Text" library="SeleniumLibrary">
<arg>${BODY_INPUT}</arg>
<arg>This is a test email body.</arg>
<doc>Types the given ``text`` into the text field identified by ``locator``.</doc>
<msg timestamp="20250422 15:02:41.075" level="INFO">Typing text 'This is a test email body.' into text field 'xpath=//*[@id="editorParent_1"]/div'.</msg>
<status status="PASS" starttime="20250422 15:02:41.075" endtime="20250422 15:02:41.252"/>
</kw>
<kw name="Click Element" library="SeleniumLibrary">
<arg>${SEND_BUTTON}</arg>
<doc>Click the element identified by ``locator``.</doc>
<msg timestamp="20250422 15:02:41.252" level="INFO">Clicking element 'xpath=//*[@aria-label="发送"]'.</msg>
<status status="PASS" starttime="20250422 15:02:41.252" endtime="20250422 15:02:41.427"/>
</kw>
<kw name="Sleep" library="BuiltIn">
<arg>5s</arg>
<doc>Pauses the test executed for the given time.</doc>
<msg timestamp="20250422 15:02:46.435" level="INFO">Slept 5 seconds</msg>
<status status="PASS" starttime="20250422 15:02:41.427" endtime="20250422 15:02:46.436"/>
</kw>
<kw name="Wait Until Element Is Visible" library="SeleniumLibrary">
<arg>${SENT_FOLDER}</arg>
<arg>10s</arg>
<doc>Waits until the element ``locator`` is visible.</doc>
<status status="PASS" starttime="20250422 15:02:46.436" endtime="20250422 15:02:46.461"/>
</kw>
<kw name="Click Element" library="SeleniumLibrary">
<arg>${SENT_FOLDER}</arg>
<doc>Click the element identified by ``locator``.</doc>
<msg timestamp="20250422 15:02:46.461" level="INFO">Clicking element 'xpath=//*[@data-folder-name="已发送邮件"]'.</msg>
<status status="PASS" starttime="20250422 15:02:46.461" endtime="20250422 15:02:46.568"/>
</kw>
<kw name="Wait Until Page Contains Element" library="SeleniumLibrary">
<arg>xpath=//*[text()='Test Subject']</arg>
<arg>20s</arg>
<doc>Waits until the element ``locator`` appears on the current page.</doc>
<status status="PASS" starttime="20250422 15:02:46.568" endtime="20250422 15:02:46.820"/>
</kw>
<kw name="Close Browser" library="SeleniumLibrary">
<doc>Closes the current browser.</doc>
<status status="PASS" starttime="20250422 15:02:46.820" endtime="20250422 15:02:49.165"/>
</kw>
<doc>测试Outlook发送邮件功能，包含所有必选和可选元素</doc>
<status status="PASS" starttime="20250422 15:01:43.978" endtime="20250422 15:02:49.166"/>
</test>
<status status="PASS" starttime="20250422 15:01:43.877" endtime="20250422 15:02:49.168"/>
</suite>
<suite id="s1-s2" name="Test2" source="D:\Horizon\Projects\Ongoing\STest\outlook\test2.robot">
<test id="s1-s2-t1" name="删除垃圾邮件测试" line="30">
<kw name="Open Browser" library="SeleniumLibrary">
<arg>${OUTLOOK_URL}</arg>
<arg>chrome</arg>
<doc>Opens a new browser instance to the optional ``url``.</doc>
<msg timestamp="20250422 15:02:49.188" level="INFO">Opening browser 'chrome' to base url 'https://outlook.live.com/'.</msg>
<status status="PASS" starttime="20250422 15:02:49.187" endtime="20250422 15:02:52.805"/>
</kw>
<kw name="Maximize Browser Window" library="SeleniumLibrary">
<doc>Maximizes current browser window.</doc>
<status status="PASS" starttime="20250422 15:02:52.805" endtime="20250422 15:02:52.830"/>
</kw>
<kw name="Wait Until Element Is Visible" library="SeleniumLibrary">
<arg>${LOGIN_BUTTON}</arg>
<arg>10s</arg>
<doc>Waits until the element ``locator`` is visible.</doc>
<status status="PASS" starttime="20250422 15:02:52.830" endtime="20250422 15:02:53.229"/>
</kw>
<kw name="Click Element" library="SeleniumLibrary">
<arg>${LOGIN_BUTTON}</arg>
<doc>Click the element identified by ``locator``.</doc>
<msg timestamp="20250422 15:02:53.229" level="INFO">Clicking element 'xpath=//*[@id="c-shellmenu_custom_outline_newtab_signin_bhvr100_right"]'.</msg>
<status status="PASS" starttime="20250422 15:02:53.229" endtime="20250422 15:02:53.292"/>
</kw>
<kw name="Sleep" library="BuiltIn">
<arg>4s</arg>
<doc>Pauses the test executed for the given time.</doc>
<msg timestamp="20250422 15:02:57.302" level="INFO">Slept 4 seconds</msg>
<status status="PASS" starttime="20250422 15:02:53.292" endtime="20250422 15:02:57.302"/>
</kw>
<kw name="Get Window Handles" library="SeleniumLibrary">
<var>@{window_handles}</var>
<doc>Returns all child window handles of the selected browser as a list.</doc>
<msg timestamp="20250422 15:02:57.306" level="INFO">@{window_handles} = [ 05D2FDDEC9C4C42388E7B548AAE0856E | 83983ADE61DD19A816CB0DBD1917C992 ]</msg>
<status status="PASS" starttime="20250422 15:02:57.302" endtime="20250422 15:02:57.306"/>
</kw>
<kw name="Switch Window" library="SeleniumLibrary">
<arg>${window_handles}[1]</arg>
<doc>Switches to browser window matching ``locator``.</doc>
<status status="PASS" starttime="20250422 15:02:57.306" endtime="20250422 15:02:57.449"/>
</kw>
<kw name="Wait Until Element Is Visible" library="SeleniumLibrary">
<arg>${EMAIL_INPUT}</arg>
<arg>10s</arg>
<doc>Waits until the element ``locator`` is visible.</doc>
<status status="PASS" starttime="20250422 15:02:57.449" endtime="20250422 15:02:57.478"/>
</kw>
<kw name="Input Text" library="SeleniumLibrary">
<arg>${EMAIL_INPUT}</arg>
<arg>${VALID_EMAIL}</arg>
<doc>Types the given ``text`` into the text field identified by ``locator``.</doc>
<msg timestamp="20250422 15:02:57.479" level="INFO">Typing text 'horizon52183@outlook.com' into text field '//*[@id="usernameEntry"]'.</msg>
<status status="PASS" starttime="20250422 15:02:57.479" endtime="20250422 15:02:57.560"/>
</kw>
<kw name="Click Element" library="SeleniumLibrary">
<arg>${NEXT_BUTTON}</arg>
<doc>Click the element identified by ``locator``.</doc>
<msg timestamp="20250422 15:02:57.561" level="INFO">Clicking element '//*[@id="view"]/div/div[3]/button'.</msg>
<status status="PASS" starttime="20250422 15:02:57.560" endtime="20250422 15:02:57.627"/>
</kw>
<kw name="Wait Until Element Is Visible" library="SeleniumLibrary">
<arg>${PASSWORD_INPUT}</arg>
<arg>10s</arg>
<doc>Waits until the element ``locator`` is visible.</doc>
<status status="PASS" starttime="20250422 15:02:57.627" endtime="20250422 15:02:58.534"/>
</kw>
<kw name="Input Text" library="SeleniumLibrary">
<arg>${PASSWORD_INPUT}</arg>
<arg>${VALID_PASSWORD}</arg>
<doc>Types the given ``text`` into the text field identified by ``locator``.</doc>
<msg timestamp="20250422 15:02:58.534" level="INFO">Typing text '0p9o8i7u6yFED' into text field '//*[@id="passwordEntry"]'.</msg>
<status status="PASS" starttime="20250422 15:02:58.534" endtime="20250422 15:02:58.581"/>
</kw>
<kw name="Click Element" library="SeleniumLibrary">
<arg>${SIGNIN_BUTTON}</arg>
<doc>Click the element identified by ``locator``.</doc>
<msg timestamp="20250422 15:02:58.582" level="INFO">Clicking element '//*[@id="view"]/div/div[5]/button'.</msg>
<status status="PASS" starttime="20250422 15:02:58.582" endtime="20250422 15:02:59.454"/>
</kw>
<kw name="Wait Until Element Is Visible" library="SeleniumLibrary">
<arg>${REMEMBER_ME_NO}</arg>
<arg>5s</arg>
<doc>Waits until the element ``locator`` is visible.</doc>
<status status="PASS" starttime="20250422 15:02:59.454" endtime="20250422 15:02:59.488"/>
</kw>
<kw name="Click Element" library="SeleniumLibrary">
<arg>${REMEMBER_ME_NO}</arg>
<doc>Click the element identified by ``locator``.</doc>
<msg timestamp="20250422 15:02:59.489" level="INFO">Clicking element '//*[@id="view"]/div/div[5]/button[2]'.</msg>
<status status="PASS" starttime="20250422 15:02:59.489" endtime="20250422 15:02:59.844"/>
</kw>
<kw name="Wait Until Element Is Visible" library="SeleniumLibrary">
<arg>${JUNK_EMAIL}</arg>
<arg>10s</arg>
<doc>Waits until the element ``locator`` is visible.</doc>
<status status="PASS" starttime="20250422 15:02:59.845" endtime="20250422 15:03:04.114"/>
</kw>
<kw name="Click Element" library="SeleniumLibrary">
<arg>${JUNK_EMAIL}</arg>
<doc>Click the element identified by ``locator``.</doc>
<msg timestamp="20250422 15:03:04.115" level="INFO">Clicking element 'xpath=//*[@data-folder-name="垃圾邮件"]'.</msg>
<status status="PASS" starttime="20250422 15:03:04.114" endtime="20250422 15:03:04.199"/>
</kw>
<kw name="Sleep" library="BuiltIn">
<arg>2s</arg>
<doc>Pauses the test executed for the given time.</doc>
<msg timestamp="20250422 15:03:06.210" level="INFO">Slept 2 seconds</msg>
<status status="PASS" starttime="20250422 15:03:04.199" endtime="20250422 15:03:06.211"/>
</kw>
<kw name="Wait Until Element Is Visible" library="SeleniumLibrary">
<arg>${CHOOSE_EMAIL}</arg>
<arg>10s</arg>
<doc>Waits until the element ``locator`` is visible.</doc>
<status status="PASS" starttime="20250422 15:03:06.211" endtime="20250422 15:03:06.237"/>
</kw>
<kw name="Click Element" library="SeleniumLibrary">
<arg>${CHOOSE_EMAIL}</arg>
<doc>Click the element identified by ``locator``.</doc>
<msg timestamp="20250422 15:03:06.239" level="INFO">Clicking element 'xpath=//*[@aria-label="选择"]'.</msg>
<status status="PASS" starttime="20250422 15:03:06.237" endtime="20250422 15:03:06.289"/>
</kw>
<kw name="Wait Until Element Is Visible" library="SeleniumLibrary">
<arg>xpath=//*[@aria-label="选择邮件"]</arg>
<arg>10s</arg>
<doc>Waits until the element ``locator`` is visible.</doc>
<status status="PASS" starttime="20250422 15:03:06.289" endtime="20250422 15:03:06.307"/>
</kw>
<kw name="Get WebElements" library="SeleniumLibrary">
<var>${checkboxes}</var>
<arg>xpath=//*[@aria-label="选择邮件"]</arg>
<doc>Returns a list of WebElement objects matching the ``locator``.</doc>
<msg timestamp="20250422 15:03:06.311" level="INFO">${checkboxes} = [&lt;selenium.webdriver.remote.webelement.WebElement (session="251f53ee0276898a6b33a9151bf8af40", element="f.83983ADE61DD19A816CB0DBD1917C992.d.404C5E5251A1CDEC1DBD7168909EE79E.e.277")&gt;, &lt;selenium.webdri...</msg>
<status status="PASS" starttime="20250422 15:03:06.307" endtime="20250422 15:03:06.311"/>
</kw>
<kw name="Click Element" library="SeleniumLibrary">
<arg>${checkboxes}[0]</arg>
<doc>Click the element identified by ``locator``.</doc>
<msg timestamp="20250422 15:03:06.311" level="INFO">Clicking element '&lt;selenium.webdriver.remote.webelement.WebElement (session="251f53ee0276898a6b33a9151bf8af40", element="f.83983ADE61DD19A816CB0DBD1917C992.d.404C5E5251A1CDEC1DBD7168909EE79E.e.277")&gt;'.</msg>
<status status="PASS" starttime="20250422 15:03:06.311" endtime="20250422 15:03:06.362"/>
</kw>
<kw name="Click Element" library="SeleniumLibrary">
<arg>${checkboxes}[1]</arg>
<doc>Click the element identified by ``locator``.</doc>
<msg timestamp="20250422 15:03:06.363" level="INFO">Clicking element '&lt;selenium.webdriver.remote.webelement.WebElement (session="251f53ee0276898a6b33a9151bf8af40", element="f.83983ADE61DD19A816CB0DBD1917C992.d.404C5E5251A1CDEC1DBD7168909EE79E.e.278")&gt;'.</msg>
<status status="PASS" starttime="20250422 15:03:06.363" endtime="20250422 15:03:06.409"/>
</kw>
<kw name="Wait Until Element Is Visible" library="SeleniumLibrary">
<arg>${DELETE_BUTTON}</arg>
<arg>10s</arg>
<doc>Waits until the element ``locator`` is visible.</doc>
<status status="PASS" starttime="20250422 15:03:06.409" endtime="20250422 15:03:06.596"/>
</kw>
<kw name="Click Element" library="SeleniumLibrary">
<arg>${DELETE_BUTTON}</arg>
<doc>Click the element identified by ``locator``.</doc>
<msg timestamp="20250422 15:03:06.597" level="INFO">Clicking element 'xpath=//button[@aria-label="删除"]'.</msg>
<status status="PASS" starttime="20250422 15:03:06.596" endtime="20250422 15:03:06.664"/>
</kw>
<kw name="Close Browser" library="SeleniumLibrary">
<doc>Closes the current browser.</doc>
<status status="PASS" starttime="20250422 15:03:06.664" endtime="20250422 15:03:08.929"/>
</kw>
<doc>测试Outlook删除垃圾邮件功能</doc>
<status status="PASS" starttime="20250422 15:02:49.183" endtime="20250422 15:03:08.929"/>
</test>
<status status="PASS" starttime="20250422 15:02:49.171" endtime="20250422 15:03:08.930"/>
</suite>
<suite id="s1-s3" name="Test3" source="D:\Horizon\Projects\Ongoing\STest\outlook\test3.robot">
<test id="s1-s3-t1" name="Outlook 个人设置界面视觉回归测试" line="35">
<kw name="Open Browser" library="SeleniumLibrary">
<arg>${OUTLOOK_URL}</arg>
<arg>chrome</arg>
<doc>Opens a new browser instance to the optional ``url``.</doc>
<msg timestamp="20250422 15:03:09.108" level="INFO">Opening browser 'chrome' to base url 'https://outlook.live.com/'.</msg>
<status status="PASS" starttime="20250422 15:03:09.108" endtime="20250422 15:03:14.550"/>
</kw>
<kw name="Maximize Browser Window" library="SeleniumLibrary">
<doc>Maximizes current browser window.</doc>
<status status="PASS" starttime="20250422 15:03:14.550" endtime="20250422 15:03:14.582"/>
</kw>
<kw name="Wait Until Element Is Visible" library="SeleniumLibrary">
<arg>${LOGIN_BUTTON}</arg>
<arg>10s</arg>
<doc>Waits until the element ``locator`` is visible.</doc>
<status status="PASS" starttime="20250422 15:03:14.582" endtime="20250422 15:03:14.806"/>
</kw>
<kw name="Click Element" library="SeleniumLibrary">
<arg>${LOGIN_BUTTON}</arg>
<doc>Click the element identified by ``locator``.</doc>
<msg timestamp="20250422 15:03:14.806" level="INFO">Clicking element 'xpath=//*[@id="c-shellmenu_custom_outline_newtab_signin_bhvr100_right"]'.</msg>
<status status="PASS" starttime="20250422 15:03:14.806" endtime="20250422 15:03:14.862"/>
</kw>
<kw name="Sleep" library="BuiltIn">
<arg>4s</arg>
<doc>Pauses the test executed for the given time.</doc>
<msg timestamp="20250422 15:03:18.867" level="INFO">Slept 4 seconds</msg>
<status status="PASS" starttime="20250422 15:03:14.863" endtime="20250422 15:03:18.867"/>
</kw>
<kw name="Get Window Handles" library="SeleniumLibrary">
<var>@{window_handles}</var>
<doc>Returns all child window handles of the selected browser as a list.</doc>
<msg timestamp="20250422 15:03:19.805" level="INFO">@{window_handles} = [ E311E3801E903ADDDB23921E981B5428 | BBBBB0AB83D39A79F4C017141D7EC853 ]</msg>
<status status="PASS" starttime="20250422 15:03:18.867" endtime="20250422 15:03:19.805"/>
</kw>
<kw name="Switch Window" library="SeleniumLibrary">
<arg>${window_handles}[1]</arg>
<doc>Switches to browser window matching ``locator``.</doc>
<status status="PASS" starttime="20250422 15:03:19.805" endtime="20250422 15:03:20.437"/>
</kw>
<kw name="Wait Until Element Is Visible" library="SeleniumLibrary">
<arg>${EMAIL_INPUT}</arg>
<arg>10s</arg>
<doc>Waits until the element ``locator`` is visible.</doc>
<status status="PASS" starttime="20250422 15:03:20.437" endtime="20250422 15:03:20.474"/>
</kw>
<kw name="Input Text" library="SeleniumLibrary">
<arg>${EMAIL_INPUT}</arg>
<arg>${VALID_EMAIL}</arg>
<doc>Types the given ``text`` into the text field identified by ``locator``.</doc>
<msg timestamp="20250422 15:03:20.474" level="INFO">Typing text 'horizon52183@outlook.com' into text field '//*[@id="usernameEntry"]'.</msg>
<status status="PASS" starttime="20250422 15:03:20.474" endtime="20250422 15:03:20.570"/>
</kw>
<kw name="Click Element" library="SeleniumLibrary">
<arg>${NEXT_BUTTON}</arg>
<doc>Click the element identified by ``locator``.</doc>
<msg timestamp="20250422 15:03:20.570" level="INFO">Clicking element '//*[@id="view"]/div/div[3]/button'.</msg>
<status status="PASS" starttime="20250422 15:03:20.570" endtime="20250422 15:03:20.613"/>
</kw>
<kw name="Wait Until Element Is Visible" library="SeleniumLibrary">
<arg>${PASSWORD_INPUT}</arg>
<arg>10s</arg>
<doc>Waits until the element ``locator`` is visible.</doc>
<status status="PASS" starttime="20250422 15:03:20.613" endtime="20250422 15:03:21.478"/>
</kw>
<kw name="Input Text" library="SeleniumLibrary">
<arg>${PASSWORD_INPUT}</arg>
<arg>${VALID_PASSWORD}</arg>
<doc>Types the given ``text`` into the text field identified by ``locator``.</doc>
<msg timestamp="20250422 15:03:21.479" level="INFO">Typing text '0p9o8i7u6yFED' into text field '//*[@id="passwordEntry"]'.</msg>
<status status="PASS" starttime="20250422 15:03:21.478" endtime="20250422 15:03:21.526"/>
</kw>
<kw name="Click Element" library="SeleniumLibrary">
<arg>${SIGNIN_BUTTON}</arg>
<doc>Click the element identified by ``locator``.</doc>
<msg timestamp="20250422 15:03:21.527" level="INFO">Clicking element '//*[@id="view"]/div/div[5]/button'.</msg>
<status status="PASS" starttime="20250422 15:03:21.526" endtime="20250422 15:03:23.041"/>
</kw>
<kw name="Wait Until Element Is Visible" library="SeleniumLibrary">
<arg>${REMEMBER_ME_NO}</arg>
<arg>5s</arg>
<doc>Waits until the element ``locator`` is visible.</doc>
<status status="PASS" starttime="20250422 15:03:23.041" endtime="20250422 15:03:23.055"/>
</kw>
<kw name="Click Element" library="SeleniumLibrary">
<arg>${REMEMBER_ME_NO}</arg>
<doc>Click the element identified by ``locator``.</doc>
<msg timestamp="20250422 15:03:23.056" level="INFO">Clicking element '//*[@id="view"]/div/div[5]/button[2]'.</msg>
<status status="PASS" starttime="20250422 15:03:23.055" endtime="20250422 15:03:24.617"/>
</kw>
<kw name="Wait Until Element Is Visible" library="SeleniumLibrary">
<arg>${SETTING_BUTTON}</arg>
<arg>10s</arg>
<doc>Waits until the element ``locator`` is visible.</doc>
<msg timestamp="20250422 15:03:27.877" level="INFO">Suppressing StaleElementReferenceException from Selenium.</msg>
<status status="PASS" starttime="20250422 15:03:24.617" endtime="20250422 15:03:28.090"/>
</kw>
<kw name="Click Element" library="SeleniumLibrary">
<arg>${SETTING_BUTTON}</arg>
<doc>Click the element identified by ``locator``.</doc>
<msg timestamp="20250422 15:03:28.091" level="INFO">Clicking element 'xpath=//*[@aria-label="设置"]'.</msg>
<status status="PASS" starttime="20250422 15:03:28.090" endtime="20250422 15:03:28.134"/>
</kw>
<kw name="Sleep" library="BuiltIn">
<arg>7s</arg>
<doc>Pauses the test executed for the given time.</doc>
<msg timestamp="20250422 15:03:35.135" level="INFO">Slept 7 seconds</msg>
<status status="PASS" starttime="20250422 15:03:28.134" endtime="20250422 15:03:35.135"/>
</kw>
<kw name="Capture Page Screenshot" library="SeleniumLibrary">
<arg>${CURRENT_IMAGE}</arg>
<doc>Takes a screenshot of the current page and embeds it into a log file.</doc>
<msg timestamp="20250422 15:03:35.282" level="INFO" html="true">&lt;/td&gt;&lt;/tr&gt;&lt;tr&gt;&lt;td colspan="3"&gt;&lt;a href="../img/current.png"&gt;&lt;img src="../img/current.png" width="800px"&gt;&lt;/a&gt;</msg>
<status status="PASS" starttime="20250422 15:03:35.135" endtime="20250422 15:03:35.283"/>
</kw>
<kw name="Compare Images">
<var>${result}</var>
<arg>${BASELINE_IMAGE}</arg>
<arg>${CURRENT_IMAGE}</arg>
<kw name="Evaluate" library="BuiltIn">
<var>${result}</var>
<arg>image_comparison_library.ImageComparisonLibrary.compare_images('${baseline_path}', '${current_path}')</arg>
<arg>modules=image_comparison_library</arg>
<doc>Evaluates the given expression in Python and returns the result.</doc>
<msg timestamp="20250422 15:03:36.284" level="INFO">${result} = True</msg>
<status status="PASS" starttime="20250422 15:03:35.284" endtime="20250422 15:03:36.284"/>
</kw>
<msg timestamp="20250422 15:03:36.284" level="INFO">${result} = True</msg>
<status status="PASS" starttime="20250422 15:03:35.283" endtime="20250422 15:03:36.284"/>
</kw>
<kw name="Highlight Differences">
<arg>${BASELINE_IMAGE}</arg>
<arg>${CURRENT_IMAGE}</arg>
<arg>${OUTPUT_IMAGE}</arg>
<kw name="Evaluate" library="BuiltIn">
<arg>image_comparison_library.ImageComparisonLibrary.highlight_differences('${baseline_path}', '${current_path}','${OUTPUT_IMAGE}')</arg>
<arg>modules=image_comparison_library</arg>
<doc>Evaluates the given expression in Python and returns the result.</doc>
<status status="PASS" starttime="20250422 15:03:36.285" endtime="20250422 15:03:36.418"/>
</kw>
<status status="PASS" starttime="20250422 15:03:36.284" endtime="20250422 15:03:36.418"/>
</kw>
<kw name="Run Keyword If" library="BuiltIn">
<arg>not ${result}</arg>
<arg>Highlight Differences</arg>
<arg>${BASELINE_IMAGE}</arg>
<arg>${CURRENT_IMAGE}</arg>
<arg>${OUTPUT_IMAGE}</arg>
<arg>ELSE</arg>
<arg>Log</arg>
<arg>图片对比通过，界面一致</arg>
<doc>Runs the given keyword with the given arguments, if ``condition`` is true.</doc>
<kw name="Log" library="BuiltIn">
<arg>图片对比通过，界面一致</arg>
<doc>Logs the given message with the given level.</doc>
<msg timestamp="20250422 15:03:36.419" level="INFO">图片对比通过，界面一致</msg>
<status status="PASS" starttime="20250422 15:03:36.419" endtime="20250422 15:03:36.419"/>
</kw>
<status status="PASS" starttime="20250422 15:03:36.419" endtime="20250422 15:03:36.419"/>
</kw>
<kw name="Close Browser" library="SeleniumLibrary">
<doc>Closes the current browser.</doc>
<status status="PASS" starttime="20250422 15:03:36.419" endtime="20250422 15:03:38.675"/>
</kw>
<doc>测试 Outlook 个人设置界面是否一致</doc>
<status status="PASS" starttime="20250422 15:03:09.107" endtime="20250422 15:03:38.675"/>
</test>
<status status="PASS" starttime="20250422 15:03:08.934" endtime="20250422 15:03:38.676"/>
</suite>
<status status="PASS" starttime="20250422 15:01:43.867" endtime="20250422 15:03:38.677"/>
</suite>
<statistics>
<total>
<stat pass="3" fail="0" skip="0">All Tests</stat>
</total>
<tag>
</tag>
<suite>
<stat pass="3" fail="0" skip="0" id="s1" name="Outlook">Outlook</stat>
<stat pass="1" fail="0" skip="0" id="s1-s1" name="Test1">Outlook.Test1</stat>
<stat pass="1" fail="0" skip="0" id="s1-s2" name="Test2">Outlook.Test2</stat>
<stat pass="1" fail="0" skip="0" id="s1-s3" name="Test3">Outlook.Test3</stat>
</suite>
</statistics>
<errors>
<msg timestamp="20250422 15:03:09.106" level="WARN">Imported library 'D:\Horizon\Projects\Ongoing\STest\outlook\resources\image_comparison_library.py' contains no keywords.</msg>
</errors>
</robot>
